[0.028s] Invoking command in '/home/anlh/DRL2/DRL_robot_navigation_ros2/build/td3': CMAKE_PREFIX_PATH=${CMAKE_PREFIX_PATH}:/home/anlh/turtlebot3_ws/install/turtlebot3_teleop:/home/anlh/turtlebot3_ws/install/turtlebot3_example:/opt/ros/humble:/home/anlh/ros2_humble/install/rqt_bag_plugins:/home/anlh/ros2_humble/install/rqt_bag:/home/anlh/ros2_humble/install/ros2bag:/home/anlh/ros2_humble/install/tracetools_test:/home/anlh/ros2_humble/install/tracetools_launch:/home/anlh/ros2_humble/install/topic_monitor:/home/anlh/ros2_humble/install/tf2_tools:/home/anlh/ros2_humble/install/examples_tf2_py:/home/anlh/ros2_humble/install/tf2_ros_py:/home/anlh/ros2_humble/install/sros2:/home/anlh/ros2_humble/install/rqt_topic:/home/anlh/ros2_humble/install/rqt_srv:/home/anlh/ros2_humble/install/rqt_shell:/home/anlh/ros2_humble/install/rqt_service_caller:/home/anlh/ros2_humble/install/rqt_reconfigure:/home/anlh/ros2_humble/install/rqt_py_console:/home/anlh/ros2_humble/install/rqt_publisher:/home/anlh/ros2_humble/install/rqt_plot:/home/anlh/ros2_humble/install/rqt_action:/home/anlh/ros2_humble/install/rqt_msg:/home/anlh/ros2_humble/install/rqt_console:/home/anlh/ros2_humble/install/rqt:/home/anlh/ros2_humble/install/rqt_graph:/home/anlh/ros2_humble/install/rqt_gui_py:/home/anlh/ros2_humble/install/rqt_gui:/home/anlh/ros2_humble/install/ros2trace:/home/anlh/ros2_humble/install/ros2topic:/home/anlh/ros2_humble/install/ros2test:/home/anlh/ros2_humble/install/ros2component:/home/anlh/ros2_humble/install/ros2param:/home/anlh/ros2_humble/install/ros2lifecycle:/home/anlh/ros2_humble/install/ros2service:/home/anlh/ros2_humble/install/ros2run:/home/anlh/ros2_humble/install/ros2launch:/home/anlh/ros2_humble/install/ros2pkg:/home/anlh/ros2_humble/install/ros2node:/home/anlh/ros2_humble/install/ros2multicast:/home/anlh/ros2_humble/install/ros2interface:/home/anlh/ros2_humble/install/ros2doctor:/home/anlh/ros2_humble/install/ros2action:/home/anlh/ros2_humble/install/ros2cli:/home/anlh/ros2_humble/install/quality_of_service_demo_py:/home/anlh/ros2_humble/install/lifecycle_py:/home/anlh/ros2_humble/install/launch_testing_ros:/home/anlh/ros2_humble/install/launch_ros:/home/anlh/ros2_humble/install/examples_rclpy_pointcloud_publisher:/home/anlh/ros2_humble/install/examples_rclpy_minimal_subscriber:/home/anlh/ros2_humble/install/examples_rclpy_minimal_service:/home/anlh/ros2_humble/install/examples_rclpy_minimal_publisher:/home/anlh/ros2_humble/install/examples_rclpy_minimal_client:/home/anlh/ros2_humble/install/examples_rclpy_minimal_action_server:/home/anlh/ros2_humble/install/examples_rclpy_minimal_action_client:/home/anlh/ros2_humble/install/examples_rclpy_guard_conditions:/home/anlh/ros2_humble/install/examples_rclpy_executors:/home/anlh/ros2_humble/install/demo_nodes_py:/home/anlh/ros2_humble/install/action_tutorials_py:/home/anlh/ros2_humble/install/ament_uncrustify:/home/anlh/ros2_humble/install/tracetools_trace:/home/anlh/ros2_humble/install/tracetools_read:/home/anlh/ros2_humble/install/test_tracetools_launch:/home/anlh/ros2_humble/install/test_launch_ros:/home/anlh/ros2_humble/install/sensor_msgs_py:/home/anlh/ros2_humble/install/rpyutils:/home/anlh/ros2_humble/install/rosidl_runtime_py:/home/anlh/ros2_humble/install/rosidl_cli:/home/anlh/ros2_humble/install/launch_pytest:/home/anlh/ros2_humble/install/launch_testing:/home/anlh/ros2_humble/install/launch_yaml:/home/anlh/ros2_humble/install/launch_xml:/home/anlh/ros2_humble/install/launch:/home/anlh/ros2_humble/install/osrf_pycommon:/home/anlh/ros2_humble/install/launch_testing_examples:/home/anlh/ros2_humble/install/domain_coordinator:/home/anlh/ros2_humble/install/ament_xmllint:/home/anlh/ros2_humble/install/ament_pyflakes:/home/anlh/ros2_humble/install/ament_pycodestyle:/home/anlh/ros2_humble/install/ament_pep257:/home/anlh/ros2_humble/install/ament_pclint:/home/anlh/ros2_humble/install/ament_package:/home/anlh/ros2_humble/install/ament_mypy:/home/anlh/ros2_humble/install/ament_lint_cmake:/home/anlh/ros2_humble/install/ament_flake8:/home/anlh/ros2_humble/install/ament_copyright:/home/anlh/ros2_humble/install/ament_lint:/home/anlh/ros2_humble/install/ament_index_python:/home/anlh/ros2_humble/install/ament_cpplint:/home/anlh/ros2_humble/install/ament_cppcheck:/home/anlh/ros2_humble/install/ament_clang_tidy:/home/anlh/ros2_humble/install/ament_clang_format /usr/bin/cmake --build /home/anlh/DRL2/DRL_robot_navigation_ros2/build/td3 -- -j16 -l16
[0.086s] Invoked command in '/home/anlh/DRL2/DRL_robot_navigation_ros2/build/td3' returned '0': CMAKE_PREFIX_PATH=${CMAKE_PREFIX_PATH}:/home/anlh/turtlebot3_ws/install/turtlebot3_teleop:/home/anlh/turtlebot3_ws/install/turtlebot3_example:/opt/ros/humble:/home/anlh/ros2_humble/install/rqt_bag_plugins:/home/anlh/ros2_humble/install/rqt_bag:/home/anlh/ros2_humble/install/ros2bag:/home/anlh/ros2_humble/install/tracetools_test:/home/anlh/ros2_humble/install/tracetools_launch:/home/anlh/ros2_humble/install/topic_monitor:/home/anlh/ros2_humble/install/tf2_tools:/home/anlh/ros2_humble/install/examples_tf2_py:/home/anlh/ros2_humble/install/tf2_ros_py:/home/anlh/ros2_humble/install/sros2:/home/anlh/ros2_humble/install/rqt_topic:/home/anlh/ros2_humble/install/rqt_srv:/home/anlh/ros2_humble/install/rqt_shell:/home/anlh/ros2_humble/install/rqt_service_caller:/home/anlh/ros2_humble/install/rqt_reconfigure:/home/anlh/ros2_humble/install/rqt_py_console:/home/anlh/ros2_humble/install/rqt_publisher:/home/anlh/ros2_humble/install/rqt_plot:/home/anlh/ros2_humble/install/rqt_action:/home/anlh/ros2_humble/install/rqt_msg:/home/anlh/ros2_humble/install/rqt_console:/home/anlh/ros2_humble/install/rqt:/home/anlh/ros2_humble/install/rqt_graph:/home/anlh/ros2_humble/install/rqt_gui_py:/home/anlh/ros2_humble/install/rqt_gui:/home/anlh/ros2_humble/install/ros2trace:/home/anlh/ros2_humble/install/ros2topic:/home/anlh/ros2_humble/install/ros2test:/home/anlh/ros2_humble/install/ros2component:/home/anlh/ros2_humble/install/ros2param:/home/anlh/ros2_humble/install/ros2lifecycle:/home/anlh/ros2_humble/install/ros2service:/home/anlh/ros2_humble/install/ros2run:/home/anlh/ros2_humble/install/ros2launch:/home/anlh/ros2_humble/install/ros2pkg:/home/anlh/ros2_humble/install/ros2node:/home/anlh/ros2_humble/install/ros2multicast:/home/anlh/ros2_humble/install/ros2interface:/home/anlh/ros2_humble/install/ros2doctor:/home/anlh/ros2_humble/install/ros2action:/home/anlh/ros2_humble/install/ros2cli:/home/anlh/ros2_humble/install/quality_of_service_demo_py:/home/anlh/ros2_humble/install/lifecycle_py:/home/anlh/ros2_humble/install/launch_testing_ros:/home/anlh/ros2_humble/install/launch_ros:/home/anlh/ros2_humble/install/examples_rclpy_pointcloud_publisher:/home/anlh/ros2_humble/install/examples_rclpy_minimal_subscriber:/home/anlh/ros2_humble/install/examples_rclpy_minimal_service:/home/anlh/ros2_humble/install/examples_rclpy_minimal_publisher:/home/anlh/ros2_humble/install/examples_rclpy_minimal_client:/home/anlh/ros2_humble/install/examples_rclpy_minimal_action_server:/home/anlh/ros2_humble/install/examples_rclpy_minimal_action_client:/home/anlh/ros2_humble/install/examples_rclpy_guard_conditions:/home/anlh/ros2_humble/install/examples_rclpy_executors:/home/anlh/ros2_humble/install/demo_nodes_py:/home/anlh/ros2_humble/install/action_tutorials_py:/home/anlh/ros2_humble/install/ament_uncrustify:/home/anlh/ros2_humble/install/tracetools_trace:/home/anlh/ros2_humble/install/tracetools_read:/home/anlh/ros2_humble/install/test_tracetools_launch:/home/anlh/ros2_humble/install/test_launch_ros:/home/anlh/ros2_humble/install/sensor_msgs_py:/home/anlh/ros2_humble/install/rpyutils:/home/anlh/ros2_humble/install/rosidl_runtime_py:/home/anlh/ros2_humble/install/rosidl_cli:/home/anlh/ros2_humble/install/launch_pytest:/home/anlh/ros2_humble/install/launch_testing:/home/anlh/ros2_humble/install/launch_yaml:/home/anlh/ros2_humble/install/launch_xml:/home/anlh/ros2_humble/install/launch:/home/anlh/ros2_humble/install/osrf_pycommon:/home/anlh/ros2_humble/install/launch_testing_examples:/home/anlh/ros2_humble/install/domain_coordinator:/home/anlh/ros2_humble/install/ament_xmllint:/home/anlh/ros2_humble/install/ament_pyflakes:/home/anlh/ros2_humble/install/ament_pycodestyle:/home/anlh/ros2_humble/install/ament_pep257:/home/anlh/ros2_humble/install/ament_pclint:/home/anlh/ros2_humble/install/ament_package:/home/anlh/ros2_humble/install/ament_mypy:/home/anlh/ros2_humble/install/ament_lint_cmake:/home/anlh/ros2_humble/install/ament_flake8:/home/anlh/ros2_humble/install/ament_copyright:/home/anlh/ros2_humble/install/ament_lint:/home/anlh/ros2_humble/install/ament_index_python:/home/anlh/ros2_humble/install/ament_cpplint:/home/anlh/ros2_humble/install/ament_cppcheck:/home/anlh/ros2_humble/install/ament_clang_tidy:/home/anlh/ros2_humble/install/ament_clang_format /usr/bin/cmake --build /home/anlh/DRL2/DRL_robot_navigation_ros2/build/td3 -- -j16 -l16
[0.155s] Invoking command in '/home/anlh/DRL2/DRL_robot_navigation_ros2/build/td3': CMAKE_PREFIX_PATH=${CMAKE_PREFIX_PATH}:/home/anlh/turtlebot3_ws/install/turtlebot3_teleop:/home/anlh/turtlebot3_ws/install/turtlebot3_example:/opt/ros/humble:/home/anlh/ros2_humble/install/rqt_bag_plugins:/home/anlh/ros2_humble/install/rqt_bag:/home/anlh/ros2_humble/install/ros2bag:/home/anlh/ros2_humble/install/tracetools_test:/home/anlh/ros2_humble/install/tracetools_launch:/home/anlh/ros2_humble/install/topic_monitor:/home/anlh/ros2_humble/install/tf2_tools:/home/anlh/ros2_humble/install/examples_tf2_py:/home/anlh/ros2_humble/install/tf2_ros_py:/home/anlh/ros2_humble/install/sros2:/home/anlh/ros2_humble/install/rqt_topic:/home/anlh/ros2_humble/install/rqt_srv:/home/anlh/ros2_humble/install/rqt_shell:/home/anlh/ros2_humble/install/rqt_service_caller:/home/anlh/ros2_humble/install/rqt_reconfigure:/home/anlh/ros2_humble/install/rqt_py_console:/home/anlh/ros2_humble/install/rqt_publisher:/home/anlh/ros2_humble/install/rqt_plot:/home/anlh/ros2_humble/install/rqt_action:/home/anlh/ros2_humble/install/rqt_msg:/home/anlh/ros2_humble/install/rqt_console:/home/anlh/ros2_humble/install/rqt:/home/anlh/ros2_humble/install/rqt_graph:/home/anlh/ros2_humble/install/rqt_gui_py:/home/anlh/ros2_humble/install/rqt_gui:/home/anlh/ros2_humble/install/ros2trace:/home/anlh/ros2_humble/install/ros2topic:/home/anlh/ros2_humble/install/ros2test:/home/anlh/ros2_humble/install/ros2component:/home/anlh/ros2_humble/install/ros2param:/home/anlh/ros2_humble/install/ros2lifecycle:/home/anlh/ros2_humble/install/ros2service:/home/anlh/ros2_humble/install/ros2run:/home/anlh/ros2_humble/install/ros2launch:/home/anlh/ros2_humble/install/ros2pkg:/home/anlh/ros2_humble/install/ros2node:/home/anlh/ros2_humble/install/ros2multicast:/home/anlh/ros2_humble/install/ros2interface:/home/anlh/ros2_humble/install/ros2doctor:/home/anlh/ros2_humble/install/ros2action:/home/anlh/ros2_humble/install/ros2cli:/home/anlh/ros2_humble/install/quality_of_service_demo_py:/home/anlh/ros2_humble/install/lifecycle_py:/home/anlh/ros2_humble/install/launch_testing_ros:/home/anlh/ros2_humble/install/launch_ros:/home/anlh/ros2_humble/install/examples_rclpy_pointcloud_publisher:/home/anlh/ros2_humble/install/examples_rclpy_minimal_subscriber:/home/anlh/ros2_humble/install/examples_rclpy_minimal_service:/home/anlh/ros2_humble/install/examples_rclpy_minimal_publisher:/home/anlh/ros2_humble/install/examples_rclpy_minimal_client:/home/anlh/ros2_humble/install/examples_rclpy_minimal_action_server:/home/anlh/ros2_humble/install/examples_rclpy_minimal_action_client:/home/anlh/ros2_humble/install/examples_rclpy_guard_conditions:/home/anlh/ros2_humble/install/examples_rclpy_executors:/home/anlh/ros2_humble/install/demo_nodes_py:/home/anlh/ros2_humble/install/action_tutorials_py:/home/anlh/ros2_humble/install/ament_uncrustify:/home/anlh/ros2_humble/install/tracetools_trace:/home/anlh/ros2_humble/install/tracetools_read:/home/anlh/ros2_humble/install/test_tracetools_launch:/home/anlh/ros2_humble/install/test_launch_ros:/home/anlh/ros2_humble/install/sensor_msgs_py:/home/anlh/ros2_humble/install/rpyutils:/home/anlh/ros2_humble/install/rosidl_runtime_py:/home/anlh/ros2_humble/install/rosidl_cli:/home/anlh/ros2_humble/install/launch_pytest:/home/anlh/ros2_humble/install/launch_testing:/home/anlh/ros2_humble/install/launch_yaml:/home/anlh/ros2_humble/install/launch_xml:/home/anlh/ros2_humble/install/launch:/home/anlh/ros2_humble/install/osrf_pycommon:/home/anlh/ros2_humble/install/launch_testing_examples:/home/anlh/ros2_humble/install/domain_coordinator:/home/anlh/ros2_humble/install/ament_xmllint:/home/anlh/ros2_humble/install/ament_pyflakes:/home/anlh/ros2_humble/install/ament_pycodestyle:/home/anlh/ros2_humble/install/ament_pep257:/home/anlh/ros2_humble/install/ament_pclint:/home/anlh/ros2_humble/install/ament_package:/home/anlh/ros2_humble/install/ament_mypy:/home/anlh/ros2_humble/install/ament_lint_cmake:/home/anlh/ros2_humble/install/ament_flake8:/home/anlh/ros2_humble/install/ament_copyright:/home/anlh/ros2_humble/install/ament_lint:/home/anlh/ros2_humble/install/ament_index_python:/home/anlh/ros2_humble/install/ament_cpplint:/home/anlh/ros2_humble/install/ament_cppcheck:/home/anlh/ros2_humble/install/ament_clang_tidy:/home/anlh/ros2_humble/install/ament_clang_format /usr/bin/cmake --install /home/anlh/DRL2/DRL_robot_navigation_ros2/build/td3
[0.166s] -- Install configuration: ""
[0.166s] -- Execute custom install script
[0.166s] -- Up-to-date symlink: /home/anlh/DRL2/DRL_robot_navigation_ros2/install/td3/share/td3//launch/multi_robot_scenario.launch.py
[0.166s] -- Up-to-date symlink: /home/anlh/DRL2/DRL_robot_navigation_ros2/install/td3/share/td3//launch/pioneer3dx.rviz
[0.166s] -- Up-to-date symlink: /home/anlh/DRL2/DRL_robot_navigation_ros2/install/td3/share/td3//launch/robot_state_publisher.launch.py
[0.166s] -- Up-to-date symlink: /home/anlh/DRL2/DRL_robot_navigation_ros2/install/td3/share/td3//launch/test_simulation.launch.py
[0.166s] -- Up-to-date symlink: /home/anlh/DRL2/DRL_robot_navigation_ros2/install/td3/share/td3//launch/training_simulation.launch.py
[0.167s] -- Up-to-date symlink: /home/anlh/DRL2/DRL_robot_navigation_ros2/install/td3/share/td3//models/td_robot/meshes/laser/hokuyo.dae
[0.167s] -- Up-to-date symlink: /home/anlh/DRL2/DRL_robot_navigation_ros2/install/td3/share/td3//models/td_robot/meshes/p3dx/Coordinates
[0.167s] -- Up-to-date symlink: /home/anlh/DRL2/DRL_robot_navigation_ros2/install/td3/share/td3//models/td_robot/meshes/p3dx/back_rim.stl
[0.167s] -- Up-to-date symlink: /home/anlh/DRL2/DRL_robot_navigation_ros2/install/td3/share/td3//models/td_robot/meshes/p3dx/back_sonar.stl
[0.167s] -- Up-to-date symlink: /home/anlh/DRL2/DRL_robot_navigation_ros2/install/td3/share/td3//models/td_robot/meshes/p3dx/center_hubcap.stl
[0.167s] -- Up-to-date symlink: /home/anlh/DRL2/DRL_robot_navigation_ros2/install/td3/share/td3//models/td_robot/meshes/p3dx/center_wheel.stl
[0.168s] -- Up-to-date symlink: /home/anlh/DRL2/DRL_robot_navigation_ros2/install/td3/share/td3//models/td_robot/meshes/p3dx/chassis.stl
[0.168s] -- Up-to-date symlink: /home/anlh/DRL2/DRL_robot_navigation_ros2/install/td3/share/td3//models/td_robot/meshes/p3dx/front_rim.stl
[0.168s] -- Up-to-date symlink: /home/anlh/DRL2/DRL_robot_navigation_ros2/install/td3/share/td3//models/td_robot/meshes/p3dx/front_sonar.stl
[0.168s] -- Up-to-date symlink: /home/anlh/DRL2/DRL_robot_navigation_ros2/install/td3/share/td3//models/td_robot/meshes/p3dx/left_hubcap.stl
[0.168s] -- Up-to-date symlink: /home/anlh/DRL2/DRL_robot_navigation_ros2/install/td3/share/td3//models/td_robot/meshes/p3dx/left_wheel.stl
[0.168s] -- Up-to-date symlink: /home/anlh/DRL2/DRL_robot_navigation_ros2/install/td3/share/td3//models/td_robot/meshes/p3dx/right_hubcap.stl
[0.168s] -- Up-to-date symlink: /home/anlh/DRL2/DRL_robot_navigation_ros2/install/td3/share/td3//models/td_robot/meshes/p3dx/right_wheel.stl
[0.168s] -- Up-to-date symlink: /home/anlh/DRL2/DRL_robot_navigation_ros2/install/td3/share/td3//models/td_robot/meshes/p3dx/swivel.stl
[0.168s] -- Up-to-date symlink: /home/anlh/DRL2/DRL_robot_navigation_ros2/install/td3/share/td3//models/td_robot/meshes/p3dx/top.stl
[0.168s] -- Up-to-date symlink: /home/anlh/DRL2/DRL_robot_navigation_ros2/install/td3/share/td3//models/td_robot/model.config
[0.168s] -- Up-to-date symlink: /home/anlh/DRL2/DRL_robot_navigation_ros2/install/td3/share/td3//models/td_robot/td_robot.sdf
[0.168s] -- Up-to-date symlink: /home/anlh/DRL2/DRL_robot_navigation_ros2/install/td3/share/td3//models/td_robot/velodyne_description/CHANGELOG.rst
[0.168s] -- Up-to-date symlink: /home/anlh/DRL2/DRL_robot_navigation_ros2/install/td3/share/td3//models/td_robot/velodyne_description/CMakeLists.txt
[0.168s] -- Up-to-date symlink: /home/anlh/DRL2/DRL_robot_navigation_ros2/install/td3/share/td3//models/td_robot/velodyne_description/launch/example-launch.py
[0.168s] -- Up-to-date symlink: /home/anlh/DRL2/DRL_robot_navigation_ros2/install/td3/share/td3//models/td_robot/velodyne_description/meshes/HDL32E_base.dae
[0.169s] -- Up-to-date symlink: /home/anlh/DRL2/DRL_robot_navigation_ros2/install/td3/share/td3//models/td_robot/velodyne_description/meshes/HDL32E_base.stl
[0.169s] -- Up-to-date symlink: /home/anlh/DRL2/DRL_robot_navigation_ros2/install/td3/share/td3//models/td_robot/velodyne_description/meshes/HDL32E_scan.dae
[0.169s] -- Up-to-date symlink: /home/anlh/DRL2/DRL_robot_navigation_ros2/install/td3/share/td3//models/td_robot/velodyne_description/meshes/HDL32E_scan.stl
[0.169s] -- Up-to-date symlink: /home/anlh/DRL2/DRL_robot_navigation_ros2/install/td3/share/td3//models/td_robot/velodyne_description/meshes/VLP16_base_1.dae
[0.169s] -- Up-to-date symlink: /home/anlh/DRL2/DRL_robot_navigation_ros2/install/td3/share/td3//models/td_robot/velodyne_description/meshes/VLP16_base_1.stl
[0.169s] -- Up-to-date symlink: /home/anlh/DRL2/DRL_robot_navigation_ros2/install/td3/share/td3//models/td_robot/velodyne_description/meshes/VLP16_base_2.dae
[0.169s] -- Up-to-date symlink: /home/anlh/DRL2/DRL_robot_navigation_ros2/install/td3/share/td3//models/td_robot/velodyne_description/meshes/VLP16_base_2.stl
[0.169s] -- Up-to-date symlink: /home/anlh/DRL2/DRL_robot_navigation_ros2/install/td3/share/td3//models/td_robot/velodyne_description/meshes/VLP16_scan.dae
[0.169s] -- Up-to-date symlink: /home/anlh/DRL2/DRL_robot_navigation_ros2/install/td3/share/td3//models/td_robot/velodyne_description/meshes/VLP16_scan.stl
[0.169s] -- Up-to-date symlink: /home/anlh/DRL2/DRL_robot_navigation_ros2/install/td3/share/td3//models/td_robot/velodyne_description/models/rs_robot/meshes/DAE/base/base_link.dae
[0.169s] -- Up-to-date symlink: /home/anlh/DRL2/DRL_robot_navigation_ros2/install/td3/share/td3//models/td_robot/velodyne_description/models/rs_robot/meshes/DAE/base/base_linkOLD.dae
[0.169s] -- Up-to-date symlink: /home/anlh/DRL2/DRL_robot_navigation_ros2/install/td3/share/td3//models/td_robot/velodyne_description/models/rs_robot/meshes/DAE/lidar_base/YDlidar_base.dae
[0.169s] -- Up-to-date symlink: /home/anlh/DRL2/DRL_robot_navigation_ros2/install/td3/share/td3//models/td_robot/velodyne_description/models/rs_robot/meshes/DAE/lidar_head/YDlidar_head.dae
[0.169s] -- Up-to-date symlink: /home/anlh/DRL2/DRL_robot_navigation_ros2/install/td3/share/td3//models/td_robot/velodyne_description/models/rs_robot/meshes/DAE/sensors/camera/camera.dae
[0.170s] -- Up-to-date symlink: /home/anlh/DRL2/DRL_robot_navigation_ros2/install/td3/share/td3//models/td_robot/velodyne_description/models/rs_robot/meshes/DAE/sensors/front_lrf/front_lrf.dae
[0.170s] -- Up-to-date symlink: /home/anlh/DRL2/DRL_robot_navigation_ros2/install/td3/share/td3//models/td_robot/velodyne_description/models/rs_robot/meshes/DAE/sensors/front_lrf/lrf_texture.png
[0.170s] -- Up-to-date symlink: /home/anlh/DRL2/DRL_robot_navigation_ros2/install/td3/share/td3//models/td_robot/velodyne_description/models/rs_robot/meshes/DAE/sensors/gim30/gim30.dae
[0.170s] -- Up-to-date symlink: /home/anlh/DRL2/DRL_robot_navigation_ros2/install/td3/share/td3//models/td_robot/velodyne_description/models/rs_robot/meshes/DAE/sensors/gim30/gim30_lrf_texture.png
[0.170s] -- Up-to-date symlink: /home/anlh/DRL2/DRL_robot_navigation_ros2/install/td3/share/td3//models/td_robot/velodyne_description/models/rs_robot/meshes/DAE/sensors/gps/gps.dae
[0.170s] -- Up-to-date symlink: /home/anlh/DRL2/DRL_robot_navigation_ros2/install/td3/share/td3//models/td_robot/velodyne_description/models/rs_robot/meshes/DAE/sensors/gps/gps_texture.png
[0.170s] -- Up-to-date symlink: /home/anlh/DRL2/DRL_robot_navigation_ros2/install/td3/share/td3//models/td_robot/velodyne_description/models/rs_robot/meshes/DAE/sensors/rear_lrf/rear_lrf.dae
[0.170s] -- Up-to-date symlink: /home/anlh/DRL2/DRL_robot_navigation_ros2/install/td3/share/td3//models/td_robot/velodyne_description/models/rs_robot/meshes/DAE/sensors/rear_lrf/urg_texture.png
[0.170s] -- Up-to-date symlink: /home/anlh/DRL2/DRL_robot_navigation_ros2/install/td3/share/td3//models/td_robot/velodyne_description/models/rs_robot/meshes/DAE/suspension/front_left_link.dae
[0.170s] -- Up-to-date symlink: /home/anlh/DRL2/DRL_robot_navigation_ros2/install/td3/share/td3//models/td_robot/velodyne_description/models/rs_robot/meshes/DAE/suspension/front_right_link.dae
[0.170s] -- Up-to-date symlink: /home/anlh/DRL2/DRL_robot_navigation_ros2/install/td3/share/td3//models/td_robot/velodyne_description/models/rs_robot/meshes/DAE/suspension/rear_left_link.dae
[0.170s] -- Up-to-date symlink: /home/anlh/DRL2/DRL_robot_navigation_ros2/install/td3/share/td3//models/td_robot/velodyne_description/models/rs_robot/meshes/DAE/suspension/rear_right_link.dae
[0.170s] -- Up-to-date symlink: /home/anlh/DRL2/DRL_robot_navigation_ros2/install/td3/share/td3//models/td_robot/velodyne_description/models/rs_robot/meshes/DAE/wheel/wheel_link.dae
[0.170s] -- Up-to-date symlink: /home/anlh/DRL2/DRL_robot_navigation_ros2/install/td3/share/td3//models/td_robot/velodyne_description/models/rs_robot/meshes/STL/base/base_link.stl
[0.170s] -- Up-to-date symlink: /home/anlh/DRL2/DRL_robot_navigation_ros2/install/td3/share/td3//models/td_robot/velodyne_description/models/rs_robot/meshes/STL/base/base_link_old.stl
[0.170s] -- Up-to-date symlink: /home/anlh/DRL2/DRL_robot_navigation_ros2/install/td3/share/td3//models/td_robot/velodyne_description/models/rs_robot/meshes/STL/lidar_base/YDlidar_base.stl
[0.170s] -- Up-to-date symlink: /home/anlh/DRL2/DRL_robot_navigation_ros2/install/td3/share/td3//models/td_robot/velodyne_description/models/rs_robot/meshes/STL/lidar_head/YDlidar_head v4.stl
[0.170s] -- Up-to-date symlink: /home/anlh/DRL2/DRL_robot_navigation_ros2/install/td3/share/td3//models/td_robot/velodyne_description/models/rs_robot/meshes/STL/sensors/front_lrf/front_lrf.stl
[0.170s] -- Up-to-date symlink: /home/anlh/DRL2/DRL_robot_navigation_ros2/install/td3/share/td3//models/td_robot/velodyne_description/models/rs_robot/meshes/STL/sensors/gim30/gim30.stl
[0.171s] -- Up-to-date symlink: /home/anlh/DRL2/DRL_robot_navigation_ros2/install/td3/share/td3//models/td_robot/velodyne_description/models/rs_robot/meshes/STL/sensors/gps/gps.stl
[0.171s] -- Up-to-date symlink: /home/anlh/DRL2/DRL_robot_navigation_ros2/install/td3/share/td3//models/td_robot/velodyne_description/models/rs_robot/meshes/STL/sensors/rear_lrf/rear_lrf.stl
[0.171s] -- Up-to-date symlink: /home/anlh/DRL2/DRL_robot_navigation_ros2/install/td3/share/td3//models/td_robot/velodyne_description/models/rs_robot/meshes/STL/suspension/FRONT_LEFT_LINKSTL.stl
[0.171s] -- Up-to-date symlink: /home/anlh/DRL2/DRL_robot_navigation_ros2/install/td3/share/td3//models/td_robot/velodyne_description/models/rs_robot/meshes/STL/suspension/FRONT_RIGHT_LINKSTL.stl
[0.171s] -- Up-to-date symlink: /home/anlh/DRL2/DRL_robot_navigation_ros2/install/td3/share/td3//models/td_robot/velodyne_description/models/rs_robot/meshes/STL/suspension/REAR_LEFT_LINKSTL.stl
[0.171s] -- Up-to-date symlink: /home/anlh/DRL2/DRL_robot_navigation_ros2/install/td3/share/td3//models/td_robot/velodyne_description/models/rs_robot/meshes/STL/suspension/REAR_RIGHT_LINKSTL.stl
[0.171s] -- Up-to-date symlink: /home/anlh/DRL2/DRL_robot_navigation_ros2/install/td3/share/td3//models/td_robot/velodyne_description/models/rs_robot/meshes/STL/suspension/sus_link.stl
[0.171s] -- Up-to-date symlink: /home/anlh/DRL2/DRL_robot_navigation_ros2/install/td3/share/td3//models/td_robot/velodyne_description/models/rs_robot/meshes/STL/wheel/robot_wheel.stl
[0.171s] -- Up-to-date symlink: /home/anlh/DRL2/DRL_robot_navigation_ros2/install/td3/share/td3//models/td_robot/velodyne_description/models/rs_robot/model.config
[0.171s] -- Up-to-date symlink: /home/anlh/DRL2/DRL_robot_navigation_ros2/install/td3/share/td3//models/td_robot/velodyne_description/models/rs_robot/rs_robot.sdf
[0.171s] -- Up-to-date symlink: /home/anlh/DRL2/DRL_robot_navigation_ros2/install/td3/share/td3//models/td_robot/velodyne_description/package.xml
[0.171s] -- Up-to-date symlink: /home/anlh/DRL2/DRL_robot_navigation_ros2/install/td3/share/td3//models/td_robot/velodyne_description/rviz/example.rviz
[0.171s] -- Up-to-date symlink: /home/anlh/DRL2/DRL_robot_navigation_ros2/install/td3/share/td3//models/td_robot/velodyne_description/urdf/HDL-32E.urdf.xacro
[0.171s] -- Up-to-date symlink: /home/anlh/DRL2/DRL_robot_navigation_ros2/install/td3/share/td3//models/td_robot/velodyne_description/urdf/VLP-16.urdf.xacro
[0.171s] -- Up-to-date symlink: /home/anlh/DRL2/DRL_robot_navigation_ros2/install/td3/share/td3//models/td_robot/velodyne_description/urdf/VLP-32C.urdf.xacro
[0.171s] -- Up-to-date symlink: /home/anlh/DRL2/DRL_robot_navigation_ros2/install/td3/share/td3//models/td_robot/velodyne_description/urdf/example.urdf.xacro
[0.171s] -- Up-to-date symlink: /home/anlh/DRL2/DRL_robot_navigation_ros2/install/td3/share/td3//models/td_robot/velodyne_description/world/example.world
[0.172s] -- Up-to-date symlink: /home/anlh/DRL2/DRL_robot_navigation_ros2/install/td3/share/td3//models/td_robot/velodyne_description/world/lio_sam.model
[0.172s] -- Up-to-date symlink: /home/anlh/DRL2/DRL_robot_navigation_ros2/install/td3/share/td3//scripts/__pycache__/point_cloud2.cpython-310.pyc
[0.172s] -- Up-to-date symlink: /home/anlh/DRL2/DRL_robot_navigation_ros2/install/td3/share/td3//scripts/__pycache__/replay_buffer.cpython-310.pyc
[0.172s] -- Up-to-date symlink: /home/anlh/DRL2/DRL_robot_navigation_ros2/install/td3/share/td3//scripts/point_cloud2.py
[0.172s] -- Up-to-date symlink: /home/anlh/DRL2/DRL_robot_navigation_ros2/install/td3/share/td3//scripts/pytorch_models/TD3_velodyne_actor.pth
[0.172s] -- Up-to-date symlink: /home/anlh/DRL2/DRL_robot_navigation_ros2/install/td3/share/td3//scripts/pytorch_models/TD3_velodyne_critic.pth
[0.172s] -- Up-to-date symlink: /home/anlh/DRL2/DRL_robot_navigation_ros2/install/td3/share/td3//scripts/pytorch_models/description
[0.172s] -- Up-to-date symlink: /home/anlh/DRL2/DRL_robot_navigation_ros2/install/td3/share/td3//scripts/replay_buffer.py
[0.173s] -- Up-to-date symlink: /home/anlh/DRL2/DRL_robot_navigation_ros2/install/td3/share/td3//scripts/results/TD3_velodyne.npy
[0.173s] -- Up-to-date symlink: /home/anlh/DRL2/DRL_robot_navigation_ros2/install/td3/share/td3//scripts/results/td3_velodyne.npy
[0.173s] -- Up-to-date symlink: /home/anlh/DRL2/DRL_robot_navigation_ros2/install/td3/share/td3//scripts/runs/events.out.tfevents.1680403580.robotmania-MINIPC-PA90.28181.0
[0.173s] -- Up-to-date symlink: /home/anlh/DRL2/DRL_robot_navigation_ros2/install/td3/share/td3//scripts/runs/events.out.tfevents.1680403642.robotmania-MINIPC-PA90.28717.0
[0.173s] -- Up-to-date symlink: /home/anlh/DRL2/DRL_robot_navigation_ros2/install/td3/share/td3//scripts/runs/events.out.tfevents.1702058311.vish-ubuntu.6923.0
[0.173s] -- Up-to-date symlink: /home/anlh/DRL2/DRL_robot_navigation_ros2/install/td3/share/td3//scripts/runs/events.out.tfevents.1702102710.vish-ubuntu.66278.0
[0.173s] -- Up-to-date symlink: /home/anlh/DRL2/DRL_robot_navigation_ros2/install/td3/share/td3//scripts/runs/events.out.tfevents.1702112304.vish-ubuntu.75006.0
[0.173s] -- Up-to-date symlink: /home/anlh/DRL2/DRL_robot_navigation_ros2/install/td3/share/td3//scripts/runs/events.out.tfevents.1702112878.vish-ubuntu.76245.0
[0.173s] -- Up-to-date symlink: /home/anlh/DRL2/DRL_robot_navigation_ros2/install/td3/share/td3//scripts/runs/events.out.tfevents.1702113012.vish-ubuntu.77026.0
[0.173s] -- Up-to-date symlink: /home/anlh/DRL2/DRL_robot_navigation_ros2/install/td3/share/td3//scripts/runs/events.out.tfevents.1702113129.vish-ubuntu.77727.0
[0.173s] -- Up-to-date symlink: /home/anlh/DRL2/DRL_robot_navigation_ros2/install/td3/share/td3//scripts/runs/events.out.tfevents.1702122323.vish-ubuntu.86336.0
[0.173s] -- Up-to-date symlink: /home/anlh/DRL2/DRL_robot_navigation_ros2/install/td3/share/td3//scripts/runs/events.out.tfevents.1702122561.vish-ubuntu.87435.0
[0.173s] -- Up-to-date symlink: /home/anlh/DRL2/DRL_robot_navigation_ros2/install/td3/share/td3//scripts/runs/events.out.tfevents.1702122736.vish-ubuntu.88576.0
[0.173s] -- Up-to-date symlink: /home/anlh/DRL2/DRL_robot_navigation_ros2/install/td3/share/td3//scripts/runs/events.out.tfevents.1702123044.vish-ubuntu.89428.0
[0.173s] -- Up-to-date symlink: /home/anlh/DRL2/DRL_robot_navigation_ros2/install/td3/share/td3//scripts/runs/events.out.tfevents.1702123266.vish-ubuntu.90616.0
[0.173s] -- Up-to-date symlink: /home/anlh/DRL2/DRL_robot_navigation_ros2/install/td3/share/td3//scripts/runs/events.out.tfevents.1702123347.vish-ubuntu.91291.0
[0.173s] -- Up-to-date symlink: /home/anlh/DRL2/DRL_robot_navigation_ros2/install/td3/share/td3//scripts/runs/events.out.tfevents.1702123618.vish-ubuntu.93261.0
[0.173s] -- Up-to-date symlink: /home/anlh/DRL2/DRL_robot_navigation_ros2/install/td3/share/td3//scripts/runs/events.out.tfevents.1702123764.vish-ubuntu.94011.0
[0.173s] -- Up-to-date symlink: /home/anlh/DRL2/DRL_robot_navigation_ros2/install/td3/share/td3//scripts/runs/events.out.tfevents.1702123799.vish-ubuntu.94401.0
[0.173s] -- Up-to-date symlink: /home/anlh/DRL2/DRL_robot_navigation_ros2/install/td3/share/td3//scripts/runs/events.out.tfevents.1702123823.vish-ubuntu.94740.0
[0.174s] -- Up-to-date symlink: /home/anlh/DRL2/DRL_robot_navigation_ros2/install/td3/share/td3//scripts/runs/events.out.tfevents.1702123835.vish-ubuntu.95058.0
[0.174s] -- Up-to-date symlink: /home/anlh/DRL2/DRL_robot_navigation_ros2/install/td3/share/td3//scripts/runs/events.out.tfevents.1702123944.vish-ubuntu.95824.0
[0.174s] -- Up-to-date symlink: /home/anlh/DRL2/DRL_robot_navigation_ros2/install/td3/share/td3//scripts/runs/events.out.tfevents.1702124053.vish-ubuntu.96522.0
[0.174s] -- Up-to-date symlink: /home/anlh/DRL2/DRL_robot_navigation_ros2/install/td3/share/td3//scripts/runs/events.out.tfevents.1702125273.vish-ubuntu.99081.0
[0.174s] -- Up-to-date symlink: /home/anlh/DRL2/DRL_robot_navigation_ros2/install/td3/share/td3//scripts/runs/events.out.tfevents.1702125531.vish-ubuntu.100158.0
[0.174s] -- Up-to-date symlink: /home/anlh/DRL2/DRL_robot_navigation_ros2/install/td3/share/td3//scripts/runs/events.out.tfevents.1702125602.vish-ubuntu.100692.0
[0.174s] -- Up-to-date symlink: /home/anlh/DRL2/DRL_robot_navigation_ros2/install/td3/share/td3//scripts/runs/events.out.tfevents.1702125719.vish-ubuntu.101126.0
[0.174s] -- Up-to-date symlink: /home/anlh/DRL2/DRL_robot_navigation_ros2/install/td3/share/td3//scripts/runs/events.out.tfevents.1702125781.vish-ubuntu.101690.0
[0.174s] -- Up-to-date symlink: /home/anlh/DRL2/DRL_robot_navigation_ros2/install/td3/share/td3//scripts/runs/events.out.tfevents.1702125836.vish-ubuntu.102265.0
[0.174s] -- Up-to-date symlink: /home/anlh/DRL2/DRL_robot_navigation_ros2/install/td3/share/td3//scripts/runs/events.out.tfevents.1702126352.vish-ubuntu.103240.0
[0.174s] -- Up-to-date symlink: /home/anlh/DRL2/DRL_robot_navigation_ros2/install/td3/share/td3//scripts/runs/events.out.tfevents.1702126383.vish-ubuntu.103611.0
[0.174s] -- Up-to-date symlink: /home/anlh/DRL2/DRL_robot_navigation_ros2/install/td3/share/td3//scripts/runs/events.out.tfevents.1702127296.vish-ubuntu.105049.0
[0.174s] -- Up-to-date symlink: /home/anlh/DRL2/DRL_robot_navigation_ros2/install/td3/share/td3//scripts/runs/events.out.tfevents.1702127554.vish-ubuntu.106195.0
[0.174s] -- Up-to-date symlink: /home/anlh/DRL2/DRL_robot_navigation_ros2/install/td3/share/td3//scripts/runs/events.out.tfevents.1702127821.vish-ubuntu.107103.0
[0.174s] -- Up-to-date symlink: /home/anlh/DRL2/DRL_robot_navigation_ros2/install/td3/share/td3//scripts/runs/events.out.tfevents.1702127882.vish-ubuntu.107712.0
[0.174s] -- Up-to-date symlink: /home/anlh/DRL2/DRL_robot_navigation_ros2/install/td3/share/td3//scripts/runs/events.out.tfevents.1702128034.vish-ubuntu.108558.0
[0.174s] -- Up-to-date symlink: /home/anlh/DRL2/DRL_robot_navigation_ros2/install/td3/share/td3//scripts/runs/events.out.tfevents.1702129318.vish-ubuntu.110922.0
[0.174s] -- Up-to-date symlink: /home/anlh/DRL2/DRL_robot_navigation_ros2/install/td3/share/td3//scripts/runs/events.out.tfevents.1702129469.vish-ubuntu.111832.0
[0.174s] -- Up-to-date symlink: /home/anlh/DRL2/DRL_robot_navigation_ros2/install/td3/share/td3//scripts/runs/events.out.tfevents.1702129867.vish-ubuntu.113086.0
[0.174s] -- Up-to-date symlink: /home/anlh/DRL2/DRL_robot_navigation_ros2/install/td3/share/td3//scripts/runs/events.out.tfevents.1702130035.vish-ubuntu.113818.0
[0.174s] -- Up-to-date symlink: /home/anlh/DRL2/DRL_robot_navigation_ros2/install/td3/share/td3//scripts/runs/events.out.tfevents.1702130924.vish-ubuntu.115595.0
[0.174s] -- Up-to-date symlink: /home/anlh/DRL2/DRL_robot_navigation_ros2/install/td3/share/td3//scripts/runs/events.out.tfevents.1702131106.vish-ubuntu.116587.0
[0.175s] -- Up-to-date symlink: /home/anlh/DRL2/DRL_robot_navigation_ros2/install/td3/share/td3//scripts/runs/events.out.tfevents.1702131171.vish-ubuntu.117214.0
[0.175s] -- Up-to-date symlink: /home/anlh/DRL2/DRL_robot_navigation_ros2/install/td3/share/td3//scripts/runs/events.out.tfevents.1702131321.vish-ubuntu.118058.0
[0.175s] -- Up-to-date symlink: /home/anlh/DRL2/DRL_robot_navigation_ros2/install/td3/share/td3//scripts/runs/events.out.tfevents.1702131595.vish-ubuntu.119269.0
[0.175s] -- Up-to-date symlink: /home/anlh/DRL2/DRL_robot_navigation_ros2/install/td3/share/td3//scripts/runs/events.out.tfevents.1702131626.vish-ubuntu.119656.0
[0.175s] -- Up-to-date symlink: /home/anlh/DRL2/DRL_robot_navigation_ros2/install/td3/share/td3//scripts/runs/events.out.tfevents.1702131643.vish-ubuntu.119992.0
[0.175s] -- Up-to-date symlink: /home/anlh/DRL2/DRL_robot_navigation_ros2/install/td3/share/td3//scripts/runs/events.out.tfevents.1702132223.vish-ubuntu.122468.0
[0.175s] -- Up-to-date symlink: /home/anlh/DRL2/DRL_robot_navigation_ros2/install/td3/share/td3//scripts/runs/events.out.tfevents.1702132297.vish-ubuntu.124833.0
[0.175s] -- Up-to-date symlink: /home/anlh/DRL2/DRL_robot_navigation_ros2/install/td3/share/td3//scripts/runs/events.out.tfevents.1702132489.vish-ubuntu.125588.0
[0.175s] -- Up-to-date symlink: /home/anlh/DRL2/DRL_robot_navigation_ros2/install/td3/share/td3//scripts/runs/events.out.tfevents.1702132572.vish-ubuntu.126652.0
[0.175s] -- Up-to-date symlink: /home/anlh/DRL2/DRL_robot_navigation_ros2/install/td3/share/td3//scripts/runs/events.out.tfevents.1702135897.vish-ubuntu.147305.0
[0.175s] -- Up-to-date symlink: /home/anlh/DRL2/DRL_robot_navigation_ros2/install/td3/share/td3//scripts/runs/events.out.tfevents.1702136732.vish-ubuntu.153900.0
[0.175s] -- Up-to-date symlink: /home/anlh/DRL2/DRL_robot_navigation_ros2/install/td3/share/td3//scripts/runs/events.out.tfevents.1702136930.vish-ubuntu.154661.0
[0.175s] -- Up-to-date symlink: /home/anlh/DRL2/DRL_robot_navigation_ros2/install/td3/share/td3//scripts/runs/events.out.tfevents.1702137020.vish-ubuntu.156802.0
[0.175s] -- Up-to-date symlink: /home/anlh/DRL2/DRL_robot_navigation_ros2/install/td3/share/td3//scripts/runs/events.out.tfevents.1702137062.vish-ubuntu.157123.0
[0.175s] -- Up-to-date symlink: /home/anlh/DRL2/DRL_robot_navigation_ros2/install/td3/share/td3//scripts/runs/events.out.tfevents.1702137093.vish-ubuntu.157388.0
[0.175s] -- Up-to-date symlink: /home/anlh/DRL2/DRL_robot_navigation_ros2/install/td3/share/td3//scripts/runs/events.out.tfevents.1702137298.vish-ubuntu.5805.0
[0.175s] -- Up-to-date symlink: /home/anlh/DRL2/DRL_robot_navigation_ros2/install/td3/share/td3//scripts/runs/events.out.tfevents.1702137346.vish-ubuntu.6235.0
[0.175s] -- Up-to-date symlink: /home/anlh/DRL2/DRL_robot_navigation_ros2/install/td3/share/td3//scripts/runs/events.out.tfevents.1702137454.vish-ubuntu.6933.0
[0.175s] -- Up-to-date symlink: /home/anlh/DRL2/DRL_robot_navigation_ros2/install/td3/share/td3//scripts/runs/events.out.tfevents.1702137512.vish-ubuntu.7361.0
[0.175s] -- Up-to-date symlink: /home/anlh/DRL2/DRL_robot_navigation_ros2/install/td3/share/td3//scripts/runs/events.out.tfevents.1702138081.vish-ubuntu.9118.0
[0.176s] -- Up-to-date symlink: /home/anlh/DRL2/DRL_robot_navigation_ros2/install/td3/share/td3//scripts/runs/events.out.tfevents.1702138457.vish-ubuntu.10243.0
[0.176s] -- Up-to-date symlink: /home/anlh/DRL2/DRL_robot_navigation_ros2/install/td3/share/td3//scripts/runs/events.out.tfevents.1702138787.vish-ubuntu.11442.0
[0.176s] -- Up-to-date symlink: /home/anlh/DRL2/DRL_robot_navigation_ros2/install/td3/share/td3//scripts/runs/events.out.tfevents.1702141865.vish-ubuntu.13513.0
[0.176s] -- Up-to-date symlink: /home/anlh/DRL2/DRL_robot_navigation_ros2/install/td3/share/td3//scripts/runs/events.out.tfevents.1702143087.vish-ubuntu.15454.0
[0.176s] -- Up-to-date symlink: /home/anlh/DRL2/DRL_robot_navigation_ros2/install/td3/share/td3//scripts/runs/events.out.tfevents.1702143581.vish-ubuntu.17439.0
[0.176s] -- Up-to-date symlink: /home/anlh/DRL2/DRL_robot_navigation_ros2/install/td3/share/td3//scripts/runs/events.out.tfevents.1702184852.vish-ubuntu.36208.0
[0.176s] -- Up-to-date symlink: /home/anlh/DRL2/DRL_robot_navigation_ros2/install/td3/share/td3//scripts/runs/events.out.tfevents.1702196832.vish-ubuntu.9055.0
[0.176s] -- Up-to-date symlink: /home/anlh/DRL2/DRL_robot_navigation_ros2/install/td3/share/td3//scripts/runs/events.out.tfevents.1702202681.vish-ubuntu.15652.0
[0.176s] -- Up-to-date symlink: /home/anlh/DRL2/DRL_robot_navigation_ros2/install/td3/share/td3//scripts/runs/events.out.tfevents.1702207343.vish-ubuntu.18092.0
[0.176s] -- Up-to-date symlink: /home/anlh/DRL2/DRL_robot_navigation_ros2/install/td3/share/td3//scripts/test_velodyne_node.py
[0.176s] -- Up-to-date symlink: /home/anlh/DRL2/DRL_robot_navigation_ros2/install/td3/share/td3//scripts/train_velodyne_node.py
[0.176s] -- Up-to-date symlink: /home/anlh/DRL2/DRL_robot_navigation_ros2/install/td3/share/td3//urdf/.DS_Store
[0.176s] -- Up-to-date symlink: /home/anlh/DRL2/DRL_robot_navigation_ros2/install/td3/share/td3//urdf/meshes/.DS_Store
[0.176s] -- Up-to-date symlink: /home/anlh/DRL2/DRL_robot_navigation_ros2/install/td3/share/td3//urdf/meshes/laser/hokuyo.dae
[0.176s] -- Up-to-date symlink: /home/anlh/DRL2/DRL_robot_navigation_ros2/install/td3/share/td3//urdf/meshes/p3dx/Coordinates
[0.176s] -- Up-to-date symlink: /home/anlh/DRL2/DRL_robot_navigation_ros2/install/td3/share/td3//urdf/meshes/p3dx/back_rim.stl
[0.176s] -- Up-to-date symlink: /home/anlh/DRL2/DRL_robot_navigation_ros2/install/td3/share/td3//urdf/meshes/p3dx/back_sonar.stl
[0.177s] -- Up-to-date symlink: /home/anlh/DRL2/DRL_robot_navigation_ros2/install/td3/share/td3//urdf/meshes/p3dx/center_hubcap.stl
[0.177s] -- Up-to-date symlink: /home/anlh/DRL2/DRL_robot_navigation_ros2/install/td3/share/td3//urdf/meshes/p3dx/center_wheel.stl
[0.177s] -- Up-to-date symlink: /home/anlh/DRL2/DRL_robot_navigation_ros2/install/td3/share/td3//urdf/meshes/p3dx/chassis.stl
[0.177s] -- Up-to-date symlink: /home/anlh/DRL2/DRL_robot_navigation_ros2/install/td3/share/td3//urdf/meshes/p3dx/front_rim.stl
[0.177s] -- Up-to-date symlink: /home/anlh/DRL2/DRL_robot_navigation_ros2/install/td3/share/td3//urdf/meshes/p3dx/front_sonar.stl
[0.177s] -- Up-to-date symlink: /home/anlh/DRL2/DRL_robot_navigation_ros2/install/td3/share/td3//urdf/meshes/p3dx/left_hubcap.stl
[0.177s] -- Up-to-date symlink: /home/anlh/DRL2/DRL_robot_navigation_ros2/install/td3/share/td3//urdf/meshes/p3dx/left_wheel.stl
[0.177s] -- Up-to-date symlink: /home/anlh/DRL2/DRL_robot_navigation_ros2/install/td3/share/td3//urdf/meshes/p3dx/right_hubcap.stl
[0.177s] -- Up-to-date symlink: /home/anlh/DRL2/DRL_robot_navigation_ros2/install/td3/share/td3//urdf/meshes/p3dx/right_wheel.stl
[0.177s] -- Up-to-date symlink: /home/anlh/DRL2/DRL_robot_navigation_ros2/install/td3/share/td3//urdf/meshes/p3dx/swivel.stl
[0.177s] -- Up-to-date symlink: /home/anlh/DRL2/DRL_robot_navigation_ros2/install/td3/share/td3//urdf/meshes/p3dx/top.stl
[0.177s] -- Up-to-date symlink: /home/anlh/DRL2/DRL_robot_navigation_ros2/install/td3/share/td3//urdf/td_robot.urdf
[0.177s] -- Up-to-date symlink: /home/anlh/DRL2/DRL_robot_navigation_ros2/install/td3/share/td3//worlds/td3.world
[0.177s] -- Up-to-date symlink: /home/anlh/DRL2/DRL_robot_navigation_ros2/install/td3/lib/td3/replay_buffer.py
[0.177s] -- Up-to-date symlink: /home/anlh/DRL2/DRL_robot_navigation_ros2/install/td3/lib/td3/test_velodyne_node.py
[0.177s] -- Up-to-date symlink: /home/anlh/DRL2/DRL_robot_navigation_ros2/install/td3/lib/td3/train_velodyne_node.py
[0.177s] -- Up-to-date symlink: /home/anlh/DRL2/DRL_robot_navigation_ros2/install/td3/lib/td3/point_cloud2.py
[0.177s] -- Up-to-date symlink: /home/anlh/DRL2/DRL_robot_navigation_ros2/install/td3/lib/td3/multi_robot_scenario.launch.py
[0.178s] -- Up-to-date symlink: /home/anlh/DRL2/DRL_robot_navigation_ros2/install/td3/lib/td3/robot_state_publisher.launch.py
[0.178s] -- Up-to-date symlink: /home/anlh/DRL2/DRL_robot_navigation_ros2/install/td3/lib/td3/training_simulation.launch.py
[0.178s] -- Up-to-date symlink: /home/anlh/DRL2/DRL_robot_navigation_ros2/install/td3/lib/td3/test_simulation.launch.py
[0.178s] -- Up-to-date symlink: /home/anlh/DRL2/DRL_robot_navigation_ros2/install/td3/lib/td3/pioneer3dx.rviz
[0.178s] -- Up-to-date symlink: /home/anlh/DRL2/DRL_robot_navigation_ros2/install/td3/share/ament_index/resource_index/package_run_dependencies/td3
[0.178s] -- Up-to-date symlink: /home/anlh/DRL2/DRL_robot_navigation_ros2/install/td3/share/ament_index/resource_index/parent_prefix_path/td3
[0.178s] -- Up-to-date symlink: /home/anlh/DRL2/DRL_robot_navigation_ros2/install/td3/share/td3/environment/ament_prefix_path.sh
[0.178s] -- Up-to-date symlink: /home/anlh/DRL2/DRL_robot_navigation_ros2/install/td3/share/td3/environment/ament_prefix_path.dsv
[0.178s] -- Up-to-date symlink: /home/anlh/DRL2/DRL_robot_navigation_ros2/install/td3/share/td3/environment/path.sh
[0.178s] -- Up-to-date symlink: /home/anlh/DRL2/DRL_robot_navigation_ros2/install/td3/share/td3/environment/path.dsv
[0.178s] -- Up-to-date symlink: /home/anlh/DRL2/DRL_robot_navigation_ros2/install/td3/share/td3/local_setup.bash
[0.178s] -- Up-to-date symlink: /home/anlh/DRL2/DRL_robot_navigation_ros2/install/td3/share/td3/local_setup.sh
[0.178s] -- Up-to-date symlink: /home/anlh/DRL2/DRL_robot_navigation_ros2/install/td3/share/td3/local_setup.zsh
[0.178s] -- Up-to-date symlink: /home/anlh/DRL2/DRL_robot_navigation_ros2/install/td3/share/td3/local_setup.dsv
[0.179s] -- Symlinking: /home/anlh/DRL2/DRL_robot_navigation_ros2/install/td3/share/td3/package.dsv
[0.192s] -- Up-to-date symlink: /home/anlh/DRL2/DRL_robot_navigation_ros2/install/td3/share/ament_index/resource_index/packages/td3
[0.192s] -- Up-to-date symlink: /home/anlh/DRL2/DRL_robot_navigation_ros2/install/td3/share/td3/cmake/td3Config.cmake
[0.192s] -- Up-to-date symlink: /home/anlh/DRL2/DRL_robot_navigation_ros2/install/td3/share/td3/cmake/td3Config-version.cmake
[0.192s] -- Up-to-date symlink: /home/anlh/DRL2/DRL_robot_navigation_ros2/install/td3/share/td3/package.xml
[0.198s] Invoked command in '/home/anlh/DRL2/DRL_robot_navigation_ros2/build/td3' returned '0': CMAKE_PREFIX_PATH=${CMAKE_PREFIX_PATH}:/home/anlh/turtlebot3_ws/install/turtlebot3_teleop:/home/anlh/turtlebot3_ws/install/turtlebot3_example:/opt/ros/humble:/home/anlh/ros2_humble/install/rqt_bag_plugins:/home/anlh/ros2_humble/install/rqt_bag:/home/anlh/ros2_humble/install/ros2bag:/home/anlh/ros2_humble/install/tracetools_test:/home/anlh/ros2_humble/install/tracetools_launch:/home/anlh/ros2_humble/install/topic_monitor:/home/anlh/ros2_humble/install/tf2_tools:/home/anlh/ros2_humble/install/examples_tf2_py:/home/anlh/ros2_humble/install/tf2_ros_py:/home/anlh/ros2_humble/install/sros2:/home/anlh/ros2_humble/install/rqt_topic:/home/anlh/ros2_humble/install/rqt_srv:/home/anlh/ros2_humble/install/rqt_shell:/home/anlh/ros2_humble/install/rqt_service_caller:/home/anlh/ros2_humble/install/rqt_reconfigure:/home/anlh/ros2_humble/install/rqt_py_console:/home/anlh/ros2_humble/install/rqt_publisher:/home/anlh/ros2_humble/install/rqt_plot:/home/anlh/ros2_humble/install/rqt_action:/home/anlh/ros2_humble/install/rqt_msg:/home/anlh/ros2_humble/install/rqt_console:/home/anlh/ros2_humble/install/rqt:/home/anlh/ros2_humble/install/rqt_graph:/home/anlh/ros2_humble/install/rqt_gui_py:/home/anlh/ros2_humble/install/rqt_gui:/home/anlh/ros2_humble/install/ros2trace:/home/anlh/ros2_humble/install/ros2topic:/home/anlh/ros2_humble/install/ros2test:/home/anlh/ros2_humble/install/ros2component:/home/anlh/ros2_humble/install/ros2param:/home/anlh/ros2_humble/install/ros2lifecycle:/home/anlh/ros2_humble/install/ros2service:/home/anlh/ros2_humble/install/ros2run:/home/anlh/ros2_humble/install/ros2launch:/home/anlh/ros2_humble/install/ros2pkg:/home/anlh/ros2_humble/install/ros2node:/home/anlh/ros2_humble/install/ros2multicast:/home/anlh/ros2_humble/install/ros2interface:/home/anlh/ros2_humble/install/ros2doctor:/home/anlh/ros2_humble/install/ros2action:/home/anlh/ros2_humble/install/ros2cli:/home/anlh/ros2_humble/install/quality_of_service_demo_py:/home/anlh/ros2_humble/install/lifecycle_py:/home/anlh/ros2_humble/install/launch_testing_ros:/home/anlh/ros2_humble/install/launch_ros:/home/anlh/ros2_humble/install/examples_rclpy_pointcloud_publisher:/home/anlh/ros2_humble/install/examples_rclpy_minimal_subscriber:/home/anlh/ros2_humble/install/examples_rclpy_minimal_service:/home/anlh/ros2_humble/install/examples_rclpy_minimal_publisher:/home/anlh/ros2_humble/install/examples_rclpy_minimal_client:/home/anlh/ros2_humble/install/examples_rclpy_minimal_action_server:/home/anlh/ros2_humble/install/examples_rclpy_minimal_action_client:/home/anlh/ros2_humble/install/examples_rclpy_guard_conditions:/home/anlh/ros2_humble/install/examples_rclpy_executors:/home/anlh/ros2_humble/install/demo_nodes_py:/home/anlh/ros2_humble/install/action_tutorials_py:/home/anlh/ros2_humble/install/ament_uncrustify:/home/anlh/ros2_humble/install/tracetools_trace:/home/anlh/ros2_humble/install/tracetools_read:/home/anlh/ros2_humble/install/test_tracetools_launch:/home/anlh/ros2_humble/install/test_launch_ros:/home/anlh/ros2_humble/install/sensor_msgs_py:/home/anlh/ros2_humble/install/rpyutils:/home/anlh/ros2_humble/install/rosidl_runtime_py:/home/anlh/ros2_humble/install/rosidl_cli:/home/anlh/ros2_humble/install/launch_pytest:/home/anlh/ros2_humble/install/launch_testing:/home/anlh/ros2_humble/install/launch_yaml:/home/anlh/ros2_humble/install/launch_xml:/home/anlh/ros2_humble/install/launch:/home/anlh/ros2_humble/install/osrf_pycommon:/home/anlh/ros2_humble/install/launch_testing_examples:/home/anlh/ros2_humble/install/domain_coordinator:/home/anlh/ros2_humble/install/ament_xmllint:/home/anlh/ros2_humble/install/ament_pyflakes:/home/anlh/ros2_humble/install/ament_pycodestyle:/home/anlh/ros2_humble/install/ament_pep257:/home/anlh/ros2_humble/install/ament_pclint:/home/anlh/ros2_humble/install/ament_package:/home/anlh/ros2_humble/install/ament_mypy:/home/anlh/ros2_humble/install/ament_lint_cmake:/home/anlh/ros2_humble/install/ament_flake8:/home/anlh/ros2_humble/install/ament_copyright:/home/anlh/ros2_humble/install/ament_lint:/home/anlh/ros2_humble/install/ament_index_python:/home/anlh/ros2_humble/install/ament_cpplint:/home/anlh/ros2_humble/install/ament_cppcheck:/home/anlh/ros2_humble/install/ament_clang_tidy:/home/anlh/ros2_humble/install/ament_clang_format /usr/bin/cmake --install /home/anlh/DRL2/DRL_robot_navigation_ros2/build/td3
