-- Install configuration: ""
-- Execute custom install script
-- Up-to-date symlink: /home/anlh/DRL2/DRL_robot_navigation_ros2/install/td3/share/td3//launch/multi_robot_scenario.launch.py
-- Up-to-date symlink: /home/anlh/DRL2/DRL_robot_navigation_ros2/install/td3/share/td3//launch/pioneer3dx.rviz
-- Up-to-date symlink: /home/anlh/DRL2/DRL_robot_navigation_ros2/install/td3/share/td3//launch/robot_state_publisher.launch.py
-- Up-to-date symlink: /home/anlh/DRL2/DRL_robot_navigation_ros2/install/td3/share/td3//launch/test_simulation.launch.py
-- Up-to-date symlink: /home/anlh/DRL2/DRL_robot_navigation_ros2/install/td3/share/td3//launch/training_simulation.launch.py
-- Up-to-date symlink: /home/anlh/DRL2/DRL_robot_navigation_ros2/install/td3/share/td3//models/td_robot/meshes/laser/hokuyo.dae
-- Up-to-date symlink: /home/anlh/DRL2/DRL_robot_navigation_ros2/install/td3/share/td3//models/td_robot/meshes/p3dx/Coordinates
-- Up-to-date symlink: /home/anlh/DRL2/DRL_robot_navigation_ros2/install/td3/share/td3//models/td_robot/meshes/p3dx/back_rim.stl
-- Up-to-date symlink: /home/anlh/DRL2/DRL_robot_navigation_ros2/install/td3/share/td3//models/td_robot/meshes/p3dx/back_sonar.stl
-- Up-to-date symlink: /home/anlh/DRL2/DRL_robot_navigation_ros2/install/td3/share/td3//models/td_robot/meshes/p3dx/center_hubcap.stl
-- Up-to-date symlink: /home/anlh/DRL2/DRL_robot_navigation_ros2/install/td3/share/td3//models/td_robot/meshes/p3dx/center_wheel.stl
-- Up-to-date symlink: /home/anlh/DRL2/DRL_robot_navigation_ros2/install/td3/share/td3//models/td_robot/meshes/p3dx/chassis.stl
-- Up-to-date symlink: /home/anlh/DRL2/DRL_robot_navigation_ros2/install/td3/share/td3//models/td_robot/meshes/p3dx/front_rim.stl
-- Up-to-date symlink: /home/anlh/DRL2/DRL_robot_navigation_ros2/install/td3/share/td3//models/td_robot/meshes/p3dx/front_sonar.stl
-- Up-to-date symlink: /home/anlh/DRL2/DRL_robot_navigation_ros2/install/td3/share/td3//models/td_robot/meshes/p3dx/left_hubcap.stl
-- Up-to-date symlink: /home/anlh/DRL2/DRL_robot_navigation_ros2/install/td3/share/td3//models/td_robot/meshes/p3dx/left_wheel.stl
-- Up-to-date symlink: /home/anlh/DRL2/DRL_robot_navigation_ros2/install/td3/share/td3//models/td_robot/meshes/p3dx/right_hubcap.stl
-- Up-to-date symlink: /home/anlh/DRL2/DRL_robot_navigation_ros2/install/td3/share/td3//models/td_robot/meshes/p3dx/right_wheel.stl
-- Up-to-date symlink: /home/anlh/DRL2/DRL_robot_navigation_ros2/install/td3/share/td3//models/td_robot/meshes/p3dx/swivel.stl
-- Up-to-date symlink: /home/anlh/DRL2/DRL_robot_navigation_ros2/install/td3/share/td3//models/td_robot/meshes/p3dx/top.stl
-- Up-to-date symlink: /home/anlh/DRL2/DRL_robot_navigation_ros2/install/td3/share/td3//models/td_robot/model.config
-- Up-to-date symlink: /home/anlh/DRL2/DRL_robot_navigation_ros2/install/td3/share/td3//models/td_robot/td_robot.sdf
-- Up-to-date symlink: /home/anlh/DRL2/DRL_robot_navigation_ros2/install/td3/share/td3//models/td_robot/velodyne_description/CHANGELOG.rst
-- Up-to-date symlink: /home/anlh/DRL2/DRL_robot_navigation_ros2/install/td3/share/td3//models/td_robot/velodyne_description/CMakeLists.txt
-- Up-to-date symlink: /home/anlh/DRL2/DRL_robot_navigation_ros2/install/td3/share/td3//models/td_robot/velodyne_description/launch/example-launch.py
-- Up-to-date symlink: /home/anlh/DRL2/DRL_robot_navigation_ros2/install/td3/share/td3//models/td_robot/velodyne_description/meshes/HDL32E_base.dae
-- Up-to-date symlink: /home/anlh/DRL2/DRL_robot_navigation_ros2/install/td3/share/td3//models/td_robot/velodyne_description/meshes/HDL32E_base.stl
-- Up-to-date symlink: /home/anlh/DRL2/DRL_robot_navigation_ros2/install/td3/share/td3//models/td_robot/velodyne_description/meshes/HDL32E_scan.dae
-- Up-to-date symlink: /home/anlh/DRL2/DRL_robot_navigation_ros2/install/td3/share/td3//models/td_robot/velodyne_description/meshes/HDL32E_scan.stl
-- Up-to-date symlink: /home/anlh/DRL2/DRL_robot_navigation_ros2/install/td3/share/td3//models/td_robot/velodyne_description/meshes/VLP16_base_1.dae
-- Up-to-date symlink: /home/anlh/DRL2/DRL_robot_navigation_ros2/install/td3/share/td3//models/td_robot/velodyne_description/meshes/VLP16_base_1.stl
-- Up-to-date symlink: /home/anlh/DRL2/DRL_robot_navigation_ros2/install/td3/share/td3//models/td_robot/velodyne_description/meshes/VLP16_base_2.dae
-- Up-to-date symlink: /home/anlh/DRL2/DRL_robot_navigation_ros2/install/td3/share/td3//models/td_robot/velodyne_description/meshes/VLP16_base_2.stl
-- Up-to-date symlink: /home/anlh/DRL2/DRL_robot_navigation_ros2/install/td3/share/td3//models/td_robot/velodyne_description/meshes/VLP16_scan.dae
-- Up-to-date symlink: /home/anlh/DRL2/DRL_robot_navigation_ros2/install/td3/share/td3//models/td_robot/velodyne_description/meshes/VLP16_scan.stl
-- Up-to-date symlink: /home/anlh/DRL2/DRL_robot_navigation_ros2/install/td3/share/td3//models/td_robot/velodyne_description/models/rs_robot/meshes/DAE/base/base_link.dae
-- Up-to-date symlink: /home/anlh/DRL2/DRL_robot_navigation_ros2/install/td3/share/td3//models/td_robot/velodyne_description/models/rs_robot/meshes/DAE/base/base_linkOLD.dae
-- Up-to-date symlink: /home/anlh/DRL2/DRL_robot_navigation_ros2/install/td3/share/td3//models/td_robot/velodyne_description/models/rs_robot/meshes/DAE/lidar_base/YDlidar_base.dae
-- Up-to-date symlink: /home/anlh/DRL2/DRL_robot_navigation_ros2/install/td3/share/td3//models/td_robot/velodyne_description/models/rs_robot/meshes/DAE/lidar_head/YDlidar_head.dae
-- Up-to-date symlink: /home/anlh/DRL2/DRL_robot_navigation_ros2/install/td3/share/td3//models/td_robot/velodyne_description/models/rs_robot/meshes/DAE/sensors/camera/camera.dae
-- Up-to-date symlink: /home/anlh/DRL2/DRL_robot_navigation_ros2/install/td3/share/td3//models/td_robot/velodyne_description/models/rs_robot/meshes/DAE/sensors/front_lrf/front_lrf.dae
-- Up-to-date symlink: /home/anlh/DRL2/DRL_robot_navigation_ros2/install/td3/share/td3//models/td_robot/velodyne_description/models/rs_robot/meshes/DAE/sensors/front_lrf/lrf_texture.png
-- Up-to-date symlink: /home/anlh/DRL2/DRL_robot_navigation_ros2/install/td3/share/td3//models/td_robot/velodyne_description/models/rs_robot/meshes/DAE/sensors/gim30/gim30.dae
-- Up-to-date symlink: /home/anlh/DRL2/DRL_robot_navigation_ros2/install/td3/share/td3//models/td_robot/velodyne_description/models/rs_robot/meshes/DAE/sensors/gim30/gim30_lrf_texture.png
-- Up-to-date symlink: /home/anlh/DRL2/DRL_robot_navigation_ros2/install/td3/share/td3//models/td_robot/velodyne_description/models/rs_robot/meshes/DAE/sensors/gps/gps.dae
-- Up-to-date symlink: /home/anlh/DRL2/DRL_robot_navigation_ros2/install/td3/share/td3//models/td_robot/velodyne_description/models/rs_robot/meshes/DAE/sensors/gps/gps_texture.png
-- Up-to-date symlink: /home/anlh/DRL2/DRL_robot_navigation_ros2/install/td3/share/td3//models/td_robot/velodyne_description/models/rs_robot/meshes/DAE/sensors/rear_lrf/rear_lrf.dae
-- Up-to-date symlink: /home/anlh/DRL2/DRL_robot_navigation_ros2/install/td3/share/td3//models/td_robot/velodyne_description/models/rs_robot/meshes/DAE/sensors/rear_lrf/urg_texture.png
-- Up-to-date symlink: /home/anlh/DRL2/DRL_robot_navigation_ros2/install/td3/share/td3//models/td_robot/velodyne_description/models/rs_robot/meshes/DAE/suspension/front_left_link.dae
-- Up-to-date symlink: /home/anlh/DRL2/DRL_robot_navigation_ros2/install/td3/share/td3//models/td_robot/velodyne_description/models/rs_robot/meshes/DAE/suspension/front_right_link.dae
-- Up-to-date symlink: /home/anlh/DRL2/DRL_robot_navigation_ros2/install/td3/share/td3//models/td_robot/velodyne_description/models/rs_robot/meshes/DAE/suspension/rear_left_link.dae
-- Up-to-date symlink: /home/anlh/DRL2/DRL_robot_navigation_ros2/install/td3/share/td3//models/td_robot/velodyne_description/models/rs_robot/meshes/DAE/suspension/rear_right_link.dae
-- Up-to-date symlink: /home/anlh/DRL2/DRL_robot_navigation_ros2/install/td3/share/td3//models/td_robot/velodyne_description/models/rs_robot/meshes/DAE/wheel/wheel_link.dae
-- Up-to-date symlink: /home/anlh/DRL2/DRL_robot_navigation_ros2/install/td3/share/td3//models/td_robot/velodyne_description/models/rs_robot/meshes/STL/base/base_link.stl
-- Up-to-date symlink: /home/anlh/DRL2/DRL_robot_navigation_ros2/install/td3/share/td3//models/td_robot/velodyne_description/models/rs_robot/meshes/STL/base/base_link_old.stl
-- Up-to-date symlink: /home/anlh/DRL2/DRL_robot_navigation_ros2/install/td3/share/td3//models/td_robot/velodyne_description/models/rs_robot/meshes/STL/lidar_base/YDlidar_base.stl
-- Up-to-date symlink: /home/anlh/DRL2/DRL_robot_navigation_ros2/install/td3/share/td3//models/td_robot/velodyne_description/models/rs_robot/meshes/STL/lidar_head/YDlidar_head v4.stl
-- Up-to-date symlink: /home/anlh/DRL2/DRL_robot_navigation_ros2/install/td3/share/td3//models/td_robot/velodyne_description/models/rs_robot/meshes/STL/sensors/front_lrf/front_lrf.stl
-- Up-to-date symlink: /home/anlh/DRL2/DRL_robot_navigation_ros2/install/td3/share/td3//models/td_robot/velodyne_description/models/rs_robot/meshes/STL/sensors/gim30/gim30.stl
-- Up-to-date symlink: /home/anlh/DRL2/DRL_robot_navigation_ros2/install/td3/share/td3//models/td_robot/velodyne_description/models/rs_robot/meshes/STL/sensors/gps/gps.stl
-- Up-to-date symlink: /home/anlh/DRL2/DRL_robot_navigation_ros2/install/td3/share/td3//models/td_robot/velodyne_description/models/rs_robot/meshes/STL/sensors/rear_lrf/rear_lrf.stl
-- Up-to-date symlink: /home/anlh/DRL2/DRL_robot_navigation_ros2/install/td3/share/td3//models/td_robot/velodyne_description/models/rs_robot/meshes/STL/suspension/FRONT_LEFT_LINKSTL.stl
-- Up-to-date symlink: /home/anlh/DRL2/DRL_robot_navigation_ros2/install/td3/share/td3//models/td_robot/velodyne_description/models/rs_robot/meshes/STL/suspension/FRONT_RIGHT_LINKSTL.stl
-- Up-to-date symlink: /home/anlh/DRL2/DRL_robot_navigation_ros2/install/td3/share/td3//models/td_robot/velodyne_description/models/rs_robot/meshes/STL/suspension/REAR_LEFT_LINKSTL.stl
-- Up-to-date symlink: /home/anlh/DRL2/DRL_robot_navigation_ros2/install/td3/share/td3//models/td_robot/velodyne_description/models/rs_robot/meshes/STL/suspension/REAR_RIGHT_LINKSTL.stl
-- Up-to-date symlink: /home/anlh/DRL2/DRL_robot_navigation_ros2/install/td3/share/td3//models/td_robot/velodyne_description/models/rs_robot/meshes/STL/suspension/sus_link.stl
-- Up-to-date symlink: /home/anlh/DRL2/DRL_robot_navigation_ros2/install/td3/share/td3//models/td_robot/velodyne_description/models/rs_robot/meshes/STL/wheel/robot_wheel.stl
-- Up-to-date symlink: /home/anlh/DRL2/DRL_robot_navigation_ros2/install/td3/share/td3//models/td_robot/velodyne_description/models/rs_robot/model.config
-- Up-to-date symlink: /home/anlh/DRL2/DRL_robot_navigation_ros2/install/td3/share/td3//models/td_robot/velodyne_description/models/rs_robot/rs_robot.sdf
-- Up-to-date symlink: /home/anlh/DRL2/DRL_robot_navigation_ros2/install/td3/share/td3//models/td_robot/velodyne_description/package.xml
-- Up-to-date symlink: /home/anlh/DRL2/DRL_robot_navigation_ros2/install/td3/share/td3//models/td_robot/velodyne_description/rviz/example.rviz
-- Up-to-date symlink: /home/anlh/DRL2/DRL_robot_navigation_ros2/install/td3/share/td3//models/td_robot/velodyne_description/urdf/HDL-32E.urdf.xacro
-- Up-to-date symlink: /home/anlh/DRL2/DRL_robot_navigation_ros2/install/td3/share/td3//models/td_robot/velodyne_description/urdf/VLP-16.urdf.xacro
-- Up-to-date symlink: /home/anlh/DRL2/DRL_robot_navigation_ros2/install/td3/share/td3//models/td_robot/velodyne_description/urdf/VLP-32C.urdf.xacro
-- Up-to-date symlink: /home/anlh/DRL2/DRL_robot_navigation_ros2/install/td3/share/td3//models/td_robot/velodyne_description/urdf/example.urdf.xacro
-- Up-to-date symlink: /home/anlh/DRL2/DRL_robot_navigation_ros2/install/td3/share/td3//models/td_robot/velodyne_description/world/example.world
-- Up-to-date symlink: /home/anlh/DRL2/DRL_robot_navigation_ros2/install/td3/share/td3//models/td_robot/velodyne_description/world/lio_sam.model
-- Up-to-date symlink: /home/anlh/DRL2/DRL_robot_navigation_ros2/install/td3/share/td3//scripts/__pycache__/point_cloud2.cpython-310.pyc
-- Up-to-date symlink: /home/anlh/DRL2/DRL_robot_navigation_ros2/install/td3/share/td3//scripts/__pycache__/replay_buffer.cpython-310.pyc
-- Up-to-date symlink: /home/anlh/DRL2/DRL_robot_navigation_ros2/install/td3/share/td3//scripts/point_cloud2.py
-- Up-to-date symlink: /home/anlh/DRL2/DRL_robot_navigation_ros2/install/td3/share/td3//scripts/pytorch_models/TD3_velodyne_actor.pth
-- Up-to-date symlink: /home/anlh/DRL2/DRL_robot_navigation_ros2/install/td3/share/td3//scripts/pytorch_models/TD3_velodyne_critic.pth
-- Up-to-date symlink: /home/anlh/DRL2/DRL_robot_navigation_ros2/install/td3/share/td3//scripts/pytorch_models/description
-- Up-to-date symlink: /home/anlh/DRL2/DRL_robot_navigation_ros2/install/td3/share/td3//scripts/replay_buffer.py
-- Up-to-date symlink: /home/anlh/DRL2/DRL_robot_navigation_ros2/install/td3/share/td3//scripts/results/TD3_velodyne.npy
-- Up-to-date symlink: /home/anlh/DRL2/DRL_robot_navigation_ros2/install/td3/share/td3//scripts/results/td3_velodyne.npy
-- Up-to-date symlink: /home/anlh/DRL2/DRL_robot_navigation_ros2/install/td3/share/td3//scripts/runs/events.out.tfevents.1680403580.robotmania-MINIPC-PA90.28181.0
-- Up-to-date symlink: /home/anlh/DRL2/DRL_robot_navigation_ros2/install/td3/share/td3//scripts/runs/events.out.tfevents.1680403642.robotmania-MINIPC-PA90.28717.0
-- Up-to-date symlink: /home/anlh/DRL2/DRL_robot_navigation_ros2/install/td3/share/td3//scripts/runs/events.out.tfevents.1702058311.vish-ubuntu.6923.0
-- Up-to-date symlink: /home/anlh/DRL2/DRL_robot_navigation_ros2/install/td3/share/td3//scripts/runs/events.out.tfevents.1702102710.vish-ubuntu.66278.0
-- Up-to-date symlink: /home/anlh/DRL2/DRL_robot_navigation_ros2/install/td3/share/td3//scripts/runs/events.out.tfevents.1702112304.vish-ubuntu.75006.0
-- Up-to-date symlink: /home/anlh/DRL2/DRL_robot_navigation_ros2/install/td3/share/td3//scripts/runs/events.out.tfevents.1702112878.vish-ubuntu.76245.0
-- Up-to-date symlink: /home/anlh/DRL2/DRL_robot_navigation_ros2/install/td3/share/td3//scripts/runs/events.out.tfevents.1702113012.vish-ubuntu.77026.0
-- Up-to-date symlink: /home/anlh/DRL2/DRL_robot_navigation_ros2/install/td3/share/td3//scripts/runs/events.out.tfevents.1702113129.vish-ubuntu.77727.0
-- Up-to-date symlink: /home/anlh/DRL2/DRL_robot_navigation_ros2/install/td3/share/td3//scripts/runs/events.out.tfevents.1702122323.vish-ubuntu.86336.0
-- Up-to-date symlink: /home/anlh/DRL2/DRL_robot_navigation_ros2/install/td3/share/td3//scripts/runs/events.out.tfevents.1702122561.vish-ubuntu.87435.0
-- Up-to-date symlink: /home/anlh/DRL2/DRL_robot_navigation_ros2/install/td3/share/td3//scripts/runs/events.out.tfevents.1702122736.vish-ubuntu.88576.0
-- Up-to-date symlink: /home/anlh/DRL2/DRL_robot_navigation_ros2/install/td3/share/td3//scripts/runs/events.out.tfevents.1702123044.vish-ubuntu.89428.0
-- Up-to-date symlink: /home/anlh/DRL2/DRL_robot_navigation_ros2/install/td3/share/td3//scripts/runs/events.out.tfevents.1702123266.vish-ubuntu.90616.0
-- Up-to-date symlink: /home/anlh/DRL2/DRL_robot_navigation_ros2/install/td3/share/td3//scripts/runs/events.out.tfevents.1702123347.vish-ubuntu.91291.0
-- Up-to-date symlink: /home/anlh/DRL2/DRL_robot_navigation_ros2/install/td3/share/td3//scripts/runs/events.out.tfevents.1702123618.vish-ubuntu.93261.0
-- Up-to-date symlink: /home/anlh/DRL2/DRL_robot_navigation_ros2/install/td3/share/td3//scripts/runs/events.out.tfevents.1702123764.vish-ubuntu.94011.0
-- Up-to-date symlink: /home/anlh/DRL2/DRL_robot_navigation_ros2/install/td3/share/td3//scripts/runs/events.out.tfevents.1702123799.vish-ubuntu.94401.0
-- Up-to-date symlink: /home/anlh/DRL2/DRL_robot_navigation_ros2/install/td3/share/td3//scripts/runs/events.out.tfevents.1702123823.vish-ubuntu.94740.0
-- Up-to-date symlink: /home/anlh/DRL2/DRL_robot_navigation_ros2/install/td3/share/td3//scripts/runs/events.out.tfevents.1702123835.vish-ubuntu.95058.0
-- Up-to-date symlink: /home/anlh/DRL2/DRL_robot_navigation_ros2/install/td3/share/td3//scripts/runs/events.out.tfevents.1702123944.vish-ubuntu.95824.0
-- Up-to-date symlink: /home/anlh/DRL2/DRL_robot_navigation_ros2/install/td3/share/td3//scripts/runs/events.out.tfevents.1702124053.vish-ubuntu.96522.0
-- Up-to-date symlink: /home/anlh/DRL2/DRL_robot_navigation_ros2/install/td3/share/td3//scripts/runs/events.out.tfevents.1702125273.vish-ubuntu.99081.0
-- Up-to-date symlink: /home/anlh/DRL2/DRL_robot_navigation_ros2/install/td3/share/td3//scripts/runs/events.out.tfevents.1702125531.vish-ubuntu.100158.0
-- Up-to-date symlink: /home/anlh/DRL2/DRL_robot_navigation_ros2/install/td3/share/td3//scripts/runs/events.out.tfevents.1702125602.vish-ubuntu.100692.0
-- Up-to-date symlink: /home/anlh/DRL2/DRL_robot_navigation_ros2/install/td3/share/td3//scripts/runs/events.out.tfevents.1702125719.vish-ubuntu.101126.0
-- Up-to-date symlink: /home/anlh/DRL2/DRL_robot_navigation_ros2/install/td3/share/td3//scripts/runs/events.out.tfevents.1702125781.vish-ubuntu.101690.0
-- Up-to-date symlink: /home/anlh/DRL2/DRL_robot_navigation_ros2/install/td3/share/td3//scripts/runs/events.out.tfevents.1702125836.vish-ubuntu.102265.0
-- Up-to-date symlink: /home/anlh/DRL2/DRL_robot_navigation_ros2/install/td3/share/td3//scripts/runs/events.out.tfevents.1702126352.vish-ubuntu.103240.0
-- Up-to-date symlink: /home/anlh/DRL2/DRL_robot_navigation_ros2/install/td3/share/td3//scripts/runs/events.out.tfevents.1702126383.vish-ubuntu.103611.0
-- Up-to-date symlink: /home/anlh/DRL2/DRL_robot_navigation_ros2/install/td3/share/td3//scripts/runs/events.out.tfevents.1702127296.vish-ubuntu.105049.0
-- Up-to-date symlink: /home/anlh/DRL2/DRL_robot_navigation_ros2/install/td3/share/td3//scripts/runs/events.out.tfevents.1702127554.vish-ubuntu.106195.0
-- Up-to-date symlink: /home/anlh/DRL2/DRL_robot_navigation_ros2/install/td3/share/td3//scripts/runs/events.out.tfevents.1702127821.vish-ubuntu.107103.0
-- Up-to-date symlink: /home/anlh/DRL2/DRL_robot_navigation_ros2/install/td3/share/td3//scripts/runs/events.out.tfevents.1702127882.vish-ubuntu.107712.0
-- Up-to-date symlink: /home/anlh/DRL2/DRL_robot_navigation_ros2/install/td3/share/td3//scripts/runs/events.out.tfevents.1702128034.vish-ubuntu.108558.0
-- Up-to-date symlink: /home/anlh/DRL2/DRL_robot_navigation_ros2/install/td3/share/td3//scripts/runs/events.out.tfevents.1702129318.vish-ubuntu.110922.0
-- Up-to-date symlink: /home/anlh/DRL2/DRL_robot_navigation_ros2/install/td3/share/td3//scripts/runs/events.out.tfevents.1702129469.vish-ubuntu.111832.0
-- Up-to-date symlink: /home/anlh/DRL2/DRL_robot_navigation_ros2/install/td3/share/td3//scripts/runs/events.out.tfevents.1702129867.vish-ubuntu.113086.0
-- Up-to-date symlink: /home/anlh/DRL2/DRL_robot_navigation_ros2/install/td3/share/td3//scripts/runs/events.out.tfevents.1702130035.vish-ubuntu.113818.0
-- Up-to-date symlink: /home/anlh/DRL2/DRL_robot_navigation_ros2/install/td3/share/td3//scripts/runs/events.out.tfevents.1702130924.vish-ubuntu.115595.0
-- Up-to-date symlink: /home/anlh/DRL2/DRL_robot_navigation_ros2/install/td3/share/td3//scripts/runs/events.out.tfevents.1702131106.vish-ubuntu.116587.0
-- Up-to-date symlink: /home/anlh/DRL2/DRL_robot_navigation_ros2/install/td3/share/td3//scripts/runs/events.out.tfevents.1702131171.vish-ubuntu.117214.0
-- Up-to-date symlink: /home/anlh/DRL2/DRL_robot_navigation_ros2/install/td3/share/td3//scripts/runs/events.out.tfevents.1702131321.vish-ubuntu.118058.0
-- Up-to-date symlink: /home/anlh/DRL2/DRL_robot_navigation_ros2/install/td3/share/td3//scripts/runs/events.out.tfevents.1702131595.vish-ubuntu.119269.0
-- Up-to-date symlink: /home/anlh/DRL2/DRL_robot_navigation_ros2/install/td3/share/td3//scripts/runs/events.out.tfevents.1702131626.vish-ubuntu.119656.0
-- Up-to-date symlink: /home/anlh/DRL2/DRL_robot_navigation_ros2/install/td3/share/td3//scripts/runs/events.out.tfevents.1702131643.vish-ubuntu.119992.0
-- Up-to-date symlink: /home/anlh/DRL2/DRL_robot_navigation_ros2/install/td3/share/td3//scripts/runs/events.out.tfevents.1702132223.vish-ubuntu.122468.0
-- Up-to-date symlink: /home/anlh/DRL2/DRL_robot_navigation_ros2/install/td3/share/td3//scripts/runs/events.out.tfevents.1702132297.vish-ubuntu.124833.0
-- Up-to-date symlink: /home/anlh/DRL2/DRL_robot_navigation_ros2/install/td3/share/td3//scripts/runs/events.out.tfevents.1702132489.vish-ubuntu.125588.0
-- Up-to-date symlink: /home/anlh/DRL2/DRL_robot_navigation_ros2/install/td3/share/td3//scripts/runs/events.out.tfevents.1702132572.vish-ubuntu.126652.0
-- Up-to-date symlink: /home/anlh/DRL2/DRL_robot_navigation_ros2/install/td3/share/td3//scripts/runs/events.out.tfevents.1702135897.vish-ubuntu.147305.0
-- Up-to-date symlink: /home/anlh/DRL2/DRL_robot_navigation_ros2/install/td3/share/td3//scripts/runs/events.out.tfevents.1702136732.vish-ubuntu.153900.0
-- Up-to-date symlink: /home/anlh/DRL2/DRL_robot_navigation_ros2/install/td3/share/td3//scripts/runs/events.out.tfevents.1702136930.vish-ubuntu.154661.0
-- Up-to-date symlink: /home/anlh/DRL2/DRL_robot_navigation_ros2/install/td3/share/td3//scripts/runs/events.out.tfevents.1702137020.vish-ubuntu.156802.0
-- Up-to-date symlink: /home/anlh/DRL2/DRL_robot_navigation_ros2/install/td3/share/td3//scripts/runs/events.out.tfevents.1702137062.vish-ubuntu.157123.0
-- Up-to-date symlink: /home/anlh/DRL2/DRL_robot_navigation_ros2/install/td3/share/td3//scripts/runs/events.out.tfevents.1702137093.vish-ubuntu.157388.0
-- Up-to-date symlink: /home/anlh/DRL2/DRL_robot_navigation_ros2/install/td3/share/td3//scripts/runs/events.out.tfevents.1702137298.vish-ubuntu.5805.0
-- Up-to-date symlink: /home/anlh/DRL2/DRL_robot_navigation_ros2/install/td3/share/td3//scripts/runs/events.out.tfevents.1702137346.vish-ubuntu.6235.0
-- Up-to-date symlink: /home/anlh/DRL2/DRL_robot_navigation_ros2/install/td3/share/td3//scripts/runs/events.out.tfevents.1702137454.vish-ubuntu.6933.0
-- Up-to-date symlink: /home/anlh/DRL2/DRL_robot_navigation_ros2/install/td3/share/td3//scripts/runs/events.out.tfevents.1702137512.vish-ubuntu.7361.0
-- Up-to-date symlink: /home/anlh/DRL2/DRL_robot_navigation_ros2/install/td3/share/td3//scripts/runs/events.out.tfevents.1702138081.vish-ubuntu.9118.0
-- Up-to-date symlink: /home/anlh/DRL2/DRL_robot_navigation_ros2/install/td3/share/td3//scripts/runs/events.out.tfevents.1702138457.vish-ubuntu.10243.0
-- Up-to-date symlink: /home/anlh/DRL2/DRL_robot_navigation_ros2/install/td3/share/td3//scripts/runs/events.out.tfevents.1702138787.vish-ubuntu.11442.0
-- Up-to-date symlink: /home/anlh/DRL2/DRL_robot_navigation_ros2/install/td3/share/td3//scripts/runs/events.out.tfevents.1702141865.vish-ubuntu.13513.0
-- Up-to-date symlink: /home/anlh/DRL2/DRL_robot_navigation_ros2/install/td3/share/td3//scripts/runs/events.out.tfevents.1702143087.vish-ubuntu.15454.0
-- Up-to-date symlink: /home/anlh/DRL2/DRL_robot_navigation_ros2/install/td3/share/td3//scripts/runs/events.out.tfevents.1702143581.vish-ubuntu.17439.0
-- Up-to-date symlink: /home/anlh/DRL2/DRL_robot_navigation_ros2/install/td3/share/td3//scripts/runs/events.out.tfevents.1702184852.vish-ubuntu.36208.0
-- Up-to-date symlink: /home/anlh/DRL2/DRL_robot_navigation_ros2/install/td3/share/td3//scripts/runs/events.out.tfevents.1702196832.vish-ubuntu.9055.0
-- Up-to-date symlink: /home/anlh/DRL2/DRL_robot_navigation_ros2/install/td3/share/td3//scripts/runs/events.out.tfevents.1702202681.vish-ubuntu.15652.0
-- Up-to-date symlink: /home/anlh/DRL2/DRL_robot_navigation_ros2/install/td3/share/td3//scripts/runs/events.out.tfevents.1702207343.vish-ubuntu.18092.0
-- Up-to-date symlink: /home/anlh/DRL2/DRL_robot_navigation_ros2/install/td3/share/td3//scripts/test_velodyne_node.py
-- Up-to-date symlink: /home/anlh/DRL2/DRL_robot_navigation_ros2/install/td3/share/td3//scripts/train_velodyne_node.py
-- Symlinking: /home/anlh/DRL2/DRL_robot_navigation_ros2/install/td3/share/td3//urdf/.DS_Store
-- Symlinking: /home/anlh/DRL2/DRL_robot_navigation_ros2/install/td3/share/td3//urdf/meshes/.DS_Store
-- Up-to-date symlink: /home/anlh/DRL2/DRL_robot_navigation_ros2/install/td3/share/td3//urdf/meshes/laser/hokuyo.dae
-- Up-to-date symlink: /home/anlh/DRL2/DRL_robot_navigation_ros2/install/td3/share/td3//urdf/meshes/p3dx/Coordinates
-- Up-to-date symlink: /home/anlh/DRL2/DRL_robot_navigation_ros2/install/td3/share/td3//urdf/meshes/p3dx/back_rim.stl
-- Up-to-date symlink: /home/anlh/DRL2/DRL_robot_navigation_ros2/install/td3/share/td3//urdf/meshes/p3dx/back_sonar.stl
-- Up-to-date symlink: /home/anlh/DRL2/DRL_robot_navigation_ros2/install/td3/share/td3//urdf/meshes/p3dx/center_hubcap.stl
-- Up-to-date symlink: /home/anlh/DRL2/DRL_robot_navigation_ros2/install/td3/share/td3//urdf/meshes/p3dx/center_wheel.stl
-- Up-to-date symlink: /home/anlh/DRL2/DRL_robot_navigation_ros2/install/td3/share/td3//urdf/meshes/p3dx/chassis.stl
-- Up-to-date symlink: /home/anlh/DRL2/DRL_robot_navigation_ros2/install/td3/share/td3//urdf/meshes/p3dx/front_rim.stl
-- Up-to-date symlink: /home/anlh/DRL2/DRL_robot_navigation_ros2/install/td3/share/td3//urdf/meshes/p3dx/front_sonar.stl
-- Up-to-date symlink: /home/anlh/DRL2/DRL_robot_navigation_ros2/install/td3/share/td3//urdf/meshes/p3dx/left_hubcap.stl
-- Up-to-date symlink: /home/anlh/DRL2/DRL_robot_navigation_ros2/install/td3/share/td3//urdf/meshes/p3dx/left_wheel.stl
-- Up-to-date symlink: /home/anlh/DRL2/DRL_robot_navigation_ros2/install/td3/share/td3//urdf/meshes/p3dx/right_hubcap.stl
-- Up-to-date symlink: /home/anlh/DRL2/DRL_robot_navigation_ros2/install/td3/share/td3//urdf/meshes/p3dx/right_wheel.stl
-- Up-to-date symlink: /home/anlh/DRL2/DRL_robot_navigation_ros2/install/td3/share/td3//urdf/meshes/p3dx/swivel.stl
-- Up-to-date symlink: /home/anlh/DRL2/DRL_robot_navigation_ros2/install/td3/share/td3//urdf/meshes/p3dx/top.stl
-- Up-to-date symlink: /home/anlh/DRL2/DRL_robot_navigation_ros2/install/td3/share/td3//urdf/td_robot.urdf
-- Up-to-date symlink: /home/anlh/DRL2/DRL_robot_navigation_ros2/install/td3/share/td3//worlds/td3.world
-- Up-to-date symlink: /home/anlh/DRL2/DRL_robot_navigation_ros2/install/td3/lib/td3/replay_buffer.py
-- Up-to-date symlink: /home/anlh/DRL2/DRL_robot_navigation_ros2/install/td3/lib/td3/test_velodyne_node.py
-- Up-to-date symlink: /home/anlh/DRL2/DRL_robot_navigation_ros2/install/td3/lib/td3/train_velodyne_node.py
-- Up-to-date symlink: /home/anlh/DRL2/DRL_robot_navigation_ros2/install/td3/lib/td3/point_cloud2.py
-- Up-to-date symlink: /home/anlh/DRL2/DRL_robot_navigation_ros2/install/td3/lib/td3/multi_robot_scenario.launch.py
-- Up-to-date symlink: /home/anlh/DRL2/DRL_robot_navigation_ros2/install/td3/lib/td3/robot_state_publisher.launch.py
-- Up-to-date symlink: /home/anlh/DRL2/DRL_robot_navigation_ros2/install/td3/lib/td3/training_simulation.launch.py
-- Up-to-date symlink: /home/anlh/DRL2/DRL_robot_navigation_ros2/install/td3/lib/td3/test_simulation.launch.py
-- Up-to-date symlink: /home/anlh/DRL2/DRL_robot_navigation_ros2/install/td3/lib/td3/pioneer3dx.rviz
-- Up-to-date symlink: /home/anlh/DRL2/DRL_robot_navigation_ros2/install/td3/share/ament_index/resource_index/package_run_dependencies/td3
-- Up-to-date symlink: /home/anlh/DRL2/DRL_robot_navigation_ros2/install/td3/share/ament_index/resource_index/parent_prefix_path/td3
-- Up-to-date symlink: /home/anlh/DRL2/DRL_robot_navigation_ros2/install/td3/share/td3/environment/ament_prefix_path.sh
-- Up-to-date symlink: /home/anlh/DRL2/DRL_robot_navigation_ros2/install/td3/share/td3/environment/ament_prefix_path.dsv
-- Up-to-date symlink: /home/anlh/DRL2/DRL_robot_navigation_ros2/install/td3/share/td3/environment/path.sh
-- Up-to-date symlink: /home/anlh/DRL2/DRL_robot_navigation_ros2/install/td3/share/td3/environment/path.dsv
-- Up-to-date symlink: /home/anlh/DRL2/DRL_robot_navigation_ros2/install/td3/share/td3/local_setup.bash
-- Up-to-date symlink: /home/anlh/DRL2/DRL_robot_navigation_ros2/install/td3/share/td3/local_setup.sh
-- Up-to-date symlink: /home/anlh/DRL2/DRL_robot_navigation_ros2/install/td3/share/td3/local_setup.zsh
-- Up-to-date symlink: /home/anlh/DRL2/DRL_robot_navigation_ros2/install/td3/share/td3/local_setup.dsv
-- Symlinking: /home/anlh/DRL2/DRL_robot_navigation_ros2/install/td3/share/td3/package.dsv
-- Up-to-date symlink: /home/anlh/DRL2/DRL_robot_navigation_ros2/install/td3/share/ament_index/resource_index/packages/td3
-- Up-to-date symlink: /home/anlh/DRL2/DRL_robot_navigation_ros2/install/td3/share/td3/cmake/td3Config.cmake
-- Up-to-date symlink: /home/anlh/DRL2/DRL_robot_navigation_ros2/install/td3/share/td3/cmake/td3Config-version.cmake
-- Up-to-date symlink: /home/anlh/DRL2/DRL_robot_navigation_ros2/install/td3/share/td3/package.xml
